<?xml version="1.0" encoding="UTF-8"?>
<testng-results skipped="0" failed="0" ignored="0" total="1" passed="1">
  <reporter-output>
  </reporter-output>
  <suite name="Default suite" duration-ms="65" started-at="2020-03-19T12:12:38 IST" finished-at="2020-03-19T12:12:38 IST">
    <groups>
    </groups>
    <test name="Default test" duration-ms="65" started-at="2020-03-19T12:12:38 IST" finished-at="2020-03-19T12:12:38 IST">
      <class name="com.qait.test.Test1">
        <test-method status="PASS" signature="fun()[pri:0, instance:com.qait.test.Test1@627551fb]" name="fun" duration-ms="13" started-at="2020-03-19T12:12:38 IST" finished-at="2020-03-19T12:12:38 IST">
          <reporter-output>
          </reporter-output>
        </test-method> <!-- fun -->
      </class> <!-- com.qait.test.Test1 -->
    </test> <!-- Default test -->
  </suite> <!-- Default suite -->
</testng-results>
